[backblue.gif]
[fade.gif]
[index.html]
[gramentheme.com/html/bookle/shop-details]
[gramentheme.com/html/bookle/assets/img/favicon.png]
[gramentheme.com/html/bookle/index04b9.html]
[gramentheme.com/html/bookle/assets/css/bootstrap.min.css]
[gramentheme.com/html/bookle/assets/css/all.min.css]
[gramentheme.com/html/bookle/assets/css/animate.css]
[gramentheme.com/html/bookle/assets/css/magnific-popup.css]
[gramentheme.com/html/bookle/assets/img/facebook.png]
[gramentheme.com/html/bookle/assets/img/signUpbg.jpg]
[gramentheme.com/html/bookle/assets/css/meanmenu.css]
[gramentheme.com/html/bookle/assets/img/google.png]
[gramentheme.com/html/bookle/assets/img/registrationbg.jpg]
[gramentheme.com/html/bookle/assets/img/hero/book.png]
[gramentheme.com/html/bookle/assets/css/swiper-bundle.min.css]
[gramentheme.com/html/bookle/assets/img/hero/frame.png]
[gramentheme.com/html/bookle/assets/img/hero/frame-2.png]
[gramentheme.com/html/bookle/assets/css/nice-select.css]
